{"C:\\Users\\kalidass\\Desktop\\namaste-react\\food-app\\src\\components\\Contact.js": {"path":"C:\\Users\\kalidass\\Desktop\\namaste-react\\food-app\\src\\components\\Contact.js","statementMap":{"0":{"start":{"line":1,"column":16},"end":{"line":26,"column":1}},"1":{"start":{"line":2,"column":2},"end":{"line":25,"column":4}}},"fnMap":{"0":{"name":"(anonymous_0)","decl":{"start":{"line":1,"column":16},"end":{"line":1,"column":17}},"loc":{"start":{"line":1,"column":22},"end":{"line":26,"column":1}},"line":1}},"branchMap":{},"s":{"0":1,"1":4},"f":{"0":4},"b":{},"_coverageSchema":"1a1c01bbd47fc00a2c39e90264f33305004495a9","hash":"e90da268f1eefbd55ba9d1a293985013fe16828e"}
,"C:\\Users\\kalidass\\Desktop\\namaste-react\\food-app\\src\\components\\Header.js": {"path":"C:\\Users\\kalidass\\Desktop\\namaste-react\\food-app\\src\\components\\Header.js","statementMap":{"0":{"start":{"line":10,"column":15},"end":{"line":53,"column":1}},"1":{"start":{"line":11,"column":32},"end":{"line":11,"column":49}},"2":{"start":{"line":13,"column":23},"end":{"line":13,"column":40}},"3":{"start":{"line":16,"column":25},"end":{"line":16,"column":48}},"4":{"start":{"line":21,"column":20},"end":{"line":21,"column":60}},"5":{"start":{"line":21,"column":43},"end":{"line":21,"column":59}},"6":{"start":{"line":24,"column":2},"end":{"line":52,"column":4}},"7":{"start":{"line":42,"column":14},"end":{"line":42,"column":79}}},"fnMap":{"0":{"name":"(anonymous_0)","decl":{"start":{"line":10,"column":15},"end":{"line":10,"column":16}},"loc":{"start":{"line":10,"column":21},"end":{"line":53,"column":1}},"line":10},"1":{"name":"(anonymous_1)","decl":{"start":{"line":21,"column":32},"end":{"line":21,"column":33}},"loc":{"start":{"line":21,"column":43},"end":{"line":21,"column":59}},"line":21},"2":{"name":"(anonymous_2)","decl":{"start":{"line":41,"column":21},"end":{"line":41,"column":22}},"loc":{"start":{"line":41,"column":27},"end":{"line":43,"column":13}},"line":41}},"branchMap":{"0":{"loc":{"start":{"line":33,"column":47},"end":{"line":33,"column":71}},"type":"cond-expr","locations":[{"start":{"line":33,"column":62},"end":{"line":33,"column":65}},{"start":{"line":33,"column":67},"end":{"line":33,"column":71}}],"line":33},"1":{"loc":{"start":{"line":42,"column":14},"end":{"line":42,"column":78}},"type":"cond-expr","locations":[{"start":{"line":42,"column":36},"end":{"line":42,"column":56}},{"start":{"line":42,"column":59},"end":{"line":42,"column":78}}],"line":42}},"s":{"0":1,"1":2,"2":2,"3":2,"4":2,"5":4,"6":2,"7":0},"f":{"0":2,"1":4,"2":0},"b":{"0":[2,0],"1":[0,0]},"_coverageSchema":"1a1c01bbd47fc00a2c39e90264f33305004495a9","hash":"176c9fb763cfa95bd603e774a10c52f3d3d40eb2"}
,"C:\\Users\\kalidass\\Desktop\\namaste-react\\food-app\\src\\components\\Sum.js": {"path":"C:\\Users\\kalidass\\Desktop\\namaste-react\\food-app\\src\\components\\Sum.js","statementMap":{"0":{"start":{"line":1,"column":19},"end":{"line":3,"column":1}},"1":{"start":{"line":2,"column":4},"end":{"line":2,"column":17}}},"fnMap":{"0":{"name":"(anonymous_0)","decl":{"start":{"line":1,"column":19},"end":{"line":1,"column":20}},"loc":{"start":{"line":1,"column":29},"end":{"line":3,"column":1}},"line":1}},"branchMap":{},"s":{"0":1,"1":1},"f":{"0":1},"b":{},"_coverageSchema":"1a1c01bbd47fc00a2c39e90264f33305004495a9","hash":"d62bff83f0d88de0cb09e4bfafafbdc6157098b7"}
,"C:\\Users\\kalidass\\Desktop\\namaste-react\\food-app\\src\\redux\\appStore.js": {"path":"C:\\Users\\kalidass\\Desktop\\namaste-react\\food-app\\src\\redux\\appStore.js","statementMap":{"0":{"start":{"line":5,"column":17},"end":{"line":10,"column":2}}},"fnMap":{},"branchMap":{},"s":{"0":1},"f":{},"b":{},"_coverageSchema":"1a1c01bbd47fc00a2c39e90264f33305004495a9","hash":"c6e44b1638461886ca4b7062f83676546093e7ba"}
,"C:\\Users\\kalidass\\Desktop\\namaste-react\\food-app\\src\\redux\\slices\\cartSlice.js": {"path":"C:\\Users\\kalidass\\Desktop\\namaste-react\\food-app\\src\\redux\\slices\\cartSlice.js","statementMap":{"0":{"start":{"line":5,"column":18},"end":{"line":30,"column":2}},"1":{"start":{"line":14,"column":12},"end":{"line":14,"column":45}},"2":{"start":{"line":17,"column":12},"end":{"line":17,"column":30}},"3":{"start":{"line":20,"column":12},"end":{"line":20,"column":40}},"4":{"start":{"line":21,"column":12},"end":{"line":21,"column":35}},"5":{"start":{"line":33,"column":48},"end":{"line":33,"column":65}}},"fnMap":{"0":{"name":"(anonymous_0)","decl":{"start":{"line":13,"column":17},"end":{"line":13,"column":18}},"loc":{"start":{"line":13,"column":36},"end":{"line":15,"column":9}},"line":13},"1":{"name":"(anonymous_1)","decl":{"start":{"line":16,"column":20},"end":{"line":16,"column":21}},"loc":{"start":{"line":16,"column":39},"end":{"line":18,"column":9}},"line":16},"2":{"name":"(anonymous_2)","decl":{"start":{"line":19,"column":19},"end":{"line":19,"column":20}},"loc":{"start":{"line":19,"column":38},"end":{"line":28,"column":9}},"line":19}},"branchMap":{},"s":{"0":1,"1":0,"2":0,"3":0,"4":0,"5":1},"f":{"0":0,"1":0,"2":0},"b":{},"_coverageSchema":"1a1c01bbd47fc00a2c39e90264f33305004495a9","hash":"d6af055f5954c2224c722f748fe31e35e2be29fc"}
,"C:\\Users\\kalidass\\Desktop\\namaste-react\\food-app\\src\\utils\\UserContext.js": {"path":"C:\\Users\\kalidass\\Desktop\\namaste-react\\food-app\\src\\utils\\UserContext.js","statementMap":{"0":{"start":{"line":4,"column":20},"end":{"line":6,"column":2}}},"fnMap":{},"branchMap":{},"s":{"0":1},"f":{},"b":{},"_coverageSchema":"1a1c01bbd47fc00a2c39e90264f33305004495a9","hash":"fad0c7ad56a220dfa886b58e53b451b82a7b4459"}
,"C:\\Users\\kalidass\\Desktop\\namaste-react\\food-app\\src\\utils\\constants.js": {"path":"C:\\Users\\kalidass\\Desktop\\namaste-react\\food-app\\src\\utils\\constants.js","statementMap":{"0":{"start":{"line":2,"column":4},"end":{"line":2,"column":87}},"1":{"start":{"line":4,"column":4},"end":{"line":4,"column":123}},"2":{"start":{"line":6,"column":24},"end":{"line":6,"column":143}}},"fnMap":{},"branchMap":{},"s":{"0":1,"1":1,"2":1},"f":{},"b":{},"_coverageSchema":"1a1c01bbd47fc00a2c39e90264f33305004495a9","hash":"0fedd023de3bcd672127cfc9f82417220c7419af"}
,"C:\\Users\\kalidass\\Desktop\\namaste-react\\food-app\\src\\utils\\useOnlineStatus.js": {"path":"C:\\Users\\kalidass\\Desktop\\namaste-react\\food-app\\src\\utils\\useOnlineStatus.js","statementMap":{"0":{"start":{"line":3,"column":24},"end":{"line":21,"column":1}},"1":{"start":{"line":5,"column":44},"end":{"line":5,"column":58}},"2":{"start":{"line":7,"column":4},"end":{"line":15,"column":11}},"3":{"start":{"line":8,"column":8},"end":{"line":10,"column":11}},"4":{"start":{"line":9,"column":12},"end":{"line":9,"column":35}},"5":{"start":{"line":12,"column":8},"end":{"line":14,"column":11}},"6":{"start":{"line":13,"column":12},"end":{"line":13,"column":34}},"7":{"start":{"line":19,"column":4},"end":{"line":19,"column":24}}},"fnMap":{"0":{"name":"(anonymous_0)","decl":{"start":{"line":3,"column":24},"end":{"line":3,"column":25}},"loc":{"start":{"line":3,"column":30},"end":{"line":21,"column":1}},"line":3},"1":{"name":"(anonymous_1)","decl":{"start":{"line":7,"column":14},"end":{"line":7,"column":15}},"loc":{"start":{"line":7,"column":20},"end":{"line":15,"column":5}},"line":7},"2":{"name":"(anonymous_2)","decl":{"start":{"line":8,"column":43},"end":{"line":8,"column":44}},"loc":{"start":{"line":8,"column":49},"end":{"line":10,"column":9}},"line":8},"3":{"name":"(anonymous_3)","decl":{"start":{"line":12,"column":42},"end":{"line":12,"column":43}},"loc":{"start":{"line":12,"column":48},"end":{"line":14,"column":9}},"line":12}},"branchMap":{},"s":{"0":1,"1":2,"2":2,"3":2,"4":0,"5":2,"6":0,"7":2},"f":{"0":2,"1":2,"2":0,"3":0},"b":{},"_coverageSchema":"1a1c01bbd47fc00a2c39e90264f33305004495a9","hash":"827e37442a14a56248aa134064b8648726c99d1a"}
}
